Script started on 2022-03-21 13:35:43+11:00 [TERM="xterm-256color" TTY="/dev/pts/4" COLUMNS="130" LINES="23"]
(base) michael@m4:~/HDD18TB/vul_msr/static_analysis$ watch -n 1 nvidia-smiclear[Kgit clone https://github.com/huggingface/transformerscd new_codebert/[Kbert_xfmr_workspace/python new_codebert_main.py     --output_dir=./saved_models     --tokenizer_name=microsoft/codebert-base     --model_name_or_path=microsoft/codebert-base     --do_train     --do_test     --train_data_file=../data/big-vul_dataset/short_train.csv     --eval_data_file=../data/big-vul_dataset/short_val.csv     --test_data_file=../data/big-vul_dataset/short_test.csv     --num_attention_heads=12     --epochs 1     --block_size 512     --train_batch_size 32     --eval_batch_size 32     --learning_rate 2e-5     --max_grad_norm 1.0     --evaluate_during_training     --seed 123456  2>&1 | tee train.log[A[A[A[A[A[C[C[C[C[C[C[C[C[C[C[C[C[C[C[C[C[C[C[C[C[C[C[C[C[C[C[C[C[C[C[C[C[C[C[C[C[C[C[C[C[C[C[C[C[C[C[C[C[C[C[Cclear[K

[K

[K

[K

[K

[K[A[A[A[A[A[C[C[C[C[C[C[C[C[C[C[C[C[C[C[C[C[C[C[C[C[C[C[C[C[C[C[C[C[C[C[C[C[C[C[C[C[C[C[C[C[C[C[C[C[C[C[C[C[C[C[C[C[C[C[C[C[C[Cpython new_codebert_main.py     --output_dir=./saved_models     --tokenizer_name=microsoft/codebert-base     --model_name_or_path=microsoft/codebert-base     --do_train     --do_test     --train_data_file=../data/big-vul_dataset/short_train.csv     --eval_data_file=../data/big-vul_dataset/short_val.csv     --test_data_file=../data/big-vul_dataset/short_test.csv     --num_attention_heads=12     --epochs 1     --block_size 512     --train_batch_size 32     --eval_batch_size 32     --learning_rate 2e-5     --max_grad_norm 1.0     --evaluate_during_training     --seed 123456  2>&1 | tee train.log[A[A[A[A[A[C[C[C[C[C[C[C[C[C[C[C[C[C[C[C[C[C[C[C[C[C[C[C[C[C[C[C[C[C[C[C[C[C[C[C[C[C[C[C[C[C[C[C[C[C[C[C[C[C[C[Ccd bert_xfmr_workspace/[K

[K

[K

[K

[K

[K[A[A[A[A[A[C[C[C[C[C[C[C[C[C[C[C[C[C[C[C[C[C[C[C[C[C[C[C[C[C[C[C[C[C[C[C[C[C[C[C[C[C[C[C[C[C[C[C[C[C[C[C[C[C[C[C[C[C[C[C[C[C[C[C[C[C[C[C[C[C[C[C[C[C[C[C[C[C[C[C[C[7Pnew_codebert/git clone https://github.com/huggingface/transformersclear[Kwatch -n 1 nvidia-smi[Kcppcheck s[K./data/c_files
Checking data/c_files/0.cpp ...
data/c_files/0.cpp:1:1: error: syntax error [syntaxError]
xmlXPathNextPrecedingInternal(xmlXPathParserContextPtr ctxt,
^
1/628 files checked 0% done
Checking data/c_files/1.cpp ...
2/628 files checked 0% done
Checking data/c_files/10.cpp ...
data/c_files/10.cpp:1:1: error: syntax error [syntaxError]
make_error(png_store* volatile psIn, png_byte PNG_CONST colour_type,
^
3/628 files checked 0% done
Checking data/c_files/100.cpp ...
4/628 files checked 0% done
Checking data/c_files/101.cpp ...
data/c_files/101.cpp:1:1: error: syntax error [syntaxError]
ProcEstablishConnection(ClientPtr client)
^
5/628 files checked 0% done
Checking data/c_files/102.cpp ...
6/628 files checked 0% done
Checking data/c_files/103.cpp ...
7/628 files checked 0% done
Checking data/c_files/104.cpp ...
8/628 files checked 0% done
Checking data/c_files/105.cpp ...
data/c_files/105.cpp:1:1: error: syntax error [syntaxError]
_exsltDateAdd (exsltDateValPtr dt, exsltDateValPtr dur)
^
9/628 files checked 1% done
Checking data/c_files/106.cpp ...
10/628 files checked 1% done
Checking data/c_files/107.cpp ...
11/628 files checked 1% done
Checking data/c_files/108.cpp ...
data/c_files/108.cpp:1:1: error: syntax error [syntaxError]
XGetModifierMapping(register Display *dpy)
^
12/628 files checked 1% done
Checking data/c_files/109.cpp ...
13/628 files checked 2% done
Checking data/c_files/11.cpp ...
data/c_files/11.cpp:1:1: error: syntax error [syntaxError]
isoent_gen_joliet_identifier(struct archive_write *a, struct isoent *isoent,
^
14/628 files checked 2% done
Checking data/c_files/110.cpp ...
15/628 files checked 2% done
Checking data/c_files/111.cpp ...
16/628 files checked 2% done
Checking data/c_files/112.cpp ...
data/c_files/112.cpp:40:14: error: Uninitialized variable: ulen [uninitvar]
if (copied < ulen || UDP_SKB_CB(skb)->partial_cov) {
             ^
data/c_files/112.cpp:40:5: error: Uninitialized variable: copied [uninitvar]
if (copied < ulen || UDP_SKB_CB(skb)->partial_cov) {
    ^
data/c_files/112.cpp:59:6: error: Uninitialized variable: peeked [uninitvar]
if (!peeked) {
     ^
data/c_files/112.cpp:67:6: error: Uninitialized variable: peeked [uninitvar]
if (!peeked)
     ^
data/c_files/112.cpp:85:7: error: Uninitialized variable: ulen [uninitvar]
err = ulen;
      ^
data/c_files/112.cpp:90:8: error: Uninitialized variable: err [uninitvar]
return err;
       ^
data/c_files/112.cpp:85:7: note: Assignment 'err=ulen', assigned value is <Uninit>
err = ulen;
      ^
data/c_files/112.cpp:90:8: note: Uninitialized variable: err
return err;
       ^
17/628 files checked 2% done
Checking data/c_files/113.cpp ...
18/628 files checked 2% done
Checking data/c_files/114.cpp ...
data/c_files/114.cpp:1:1: error: syntax error [syntaxError]
vips_foreign_load_gif_scan_image( VipsForeignLoadGif *gif )
^
19/628 files checked 2% done
Checking data/c_files/115.cpp ...
20/628 files checked 2% done
Checking data/c_files/116.cpp ...
21/628 files checked 3% done
Checking data/c_files/117.cpp ...
data/c_files/117.cpp:9:15: error: Unmatched '{'. Configuration: ''. [syntaxError]
switch (type) {
              ^
22/628 files checked 3% done
Checking data/c_files/118.cpp ...
23/628 files checked 3% done
Checking data/c_files/119.cpp ...
24/628 files checked 3% done
Checking data/c_files/12.cpp ...
25/628 files checked 3% done
Checking data/c_files/120.cpp ...
26/628 files checked 3% done
Checking data/c_files/121.cpp ...
27/628 files checked 3% done
Checking data/c_files/122.cpp ...
28/628 files checked 4% done
Checking data/c_files/123.cpp ...
29/628 files checked 4% done
Checking data/c_files/124.cpp ...
30/628 files checked 4% done
Checking data/c_files/125.cpp ...
31/628 files checked 4% done
Checking data/c_files/126.cpp ...
32/628 files checked 4% done
Checking data/c_files/127.cpp ...
data/c_files/127.cpp:1:1: error: syntax error [syntaxError]
write_message( RenderState  state )
^
33/628 files checked 4% done
Checking data/c_files/128.cpp ...
34/628 files checked 4% done
Checking data/c_files/129.cpp ...
35/628 files checked 4% done
Checking data/c_files/13.cpp ...
36/628 files checked 5% done
Checking data/c_files/130.cpp ...
37/628 files checked 5% done
Checking data/c_files/131.cpp ...
data/c_files/131.cpp:2:1: error: Unmatched '{'. Configuration: ''. [syntaxError]
{
^
38/628 files checked 5% done
Checking data/c_files/132.cpp ...
39/628 files checked 5% done
Checking data/c_files/133.cpp ...
Checking data/c_files/133.cpp: PV_POSTPROC_ON...
40/628 files checked 5% done
Checking data/c_files/134.cpp ...
41/628 files checked 5% done
Checking data/c_files/135.cpp ...
data/c_files/135.cpp:1:1: error: syntax error [syntaxError]
kadm5_modify_principal(void *server_handle,
^
42/628 files checked 6% done
Checking data/c_files/136.cpp ...
43/628 files checked 6% done
Checking data/c_files/137.cpp ...
44/628 files checked 6% done
Checking data/c_files/138.cpp ...
45/628 files checked 6% done
Checking data/c_files/139.cpp ...
46/628 files checked 6% done
Checking data/c_files/14.cpp ...
47/628 files checked 6% done
Checking data/c_files/140.cpp ...
48/628 files checked 6% done
Checking data/c_files/141.cpp ...
data/c_files/141.cpp:11:50: error: syntax error [syntaxError]
page size, unless a read yields a partial page.  */
                                                 ^
Checking data/c_files/141.cpp: HAVE_DOS_FILE_CONTENTS...
Checking data/c_files/141.cpp: SET_BINARY...
49/628 files checked 9% done
Checking data/c_files/142.cpp ...
50/628 files checked 9% done
Checking data/c_files/143.cpp ...
51/628 files checked 9% done
Checking data/c_files/144.cpp ...
52/628 files checked 9% done
Checking data/c_files/145.cpp ...
53/628 files checked 10% done
Checking data/c_files/146.cpp ...
54/628 files checked 10% done
Checking data/c_files/147.cpp ...
data/c_files/147.cpp:1:1: error: syntax error [syntaxError]
vips_malloc( VipsObject *object, size_t size )
^
55/628 files checked 10% done
Checking data/c_files/148.cpp ...
Checking data/c_files/148.cpp: OS_POSIX...
56/628 files checked 10% done
Checking data/c_files/149.cpp ...
57/628 files checked 10% done
Checking data/c_files/15.cpp ...
58/628 files checked 10% done
Checking data/c_files/150.cpp ...
59/628 files checked 10% done
Checking data/c_files/151.cpp ...
60/628 files checked 10% done
Checking data/c_files/152.cpp ...
61/628 files checked 10% done
Checking data/c_files/153.cpp ...
62/628 files checked 10% done
Checking data/c_files/154.cpp ...
63/628 files checked 11% done
Checking data/c_files/155.cpp ...
64/628 files checked 11% done
Checking data/c_files/156.cpp ...
65/628 files checked 11% done
Checking data/c_files/157.cpp ...
66/628 files checked 11% done
Checking data/c_files/158.cpp ...
data/c_files/158.cpp:1:1: error: syntax error [syntaxError]
iakerb_gss_delete_sec_context(OM_uint32 *minor_status,
^
67/628 files checked 11% done
Checking data/c_files/159.cpp ...
68/628 files checked 11% done
Checking data/c_files/16.cpp ...
69/628 files checked 12% done
Checking data/c_files/160.cpp ...
70/628 files checked 12% done
Checking data/c_files/161.cpp ...
71/628 files checked 12% done
Checking data/c_files/162.cpp ...
data/c_files/162.cpp:1:1: error: syntax error [syntaxError]
xmlStringLenDecodeEntities(xmlParserCtxtPtr ctxt, const xmlChar *str, int len,
^
72/628 files checked 12% done
Checking data/c_files/163.cpp ...
73/628 files checked 12% done
Checking data/c_files/164.cpp ...
Checking data/c_files/164.cpp: OS_MACOSX...
74/628 files checked 13% done
Checking data/c_files/165.cpp ...
75/628 files checked 13% done
Checking data/c_files/166.cpp ...
Checking data/c_files/166.cpp: CONFIG_USB_OTG...
76/628 files checked 13% done
Checking data/c_files/167.cpp ...
77/628 files checked 13% done
Checking data/c_files/168.cpp ...
78/628 files checked 13% done
Checking data/c_files/169.cpp ...
79/628 files checked 13% done
Checking data/c_files/17.cpp ...
80/628 files checked 13% done
Checking data/c_files/170.cpp ...
81/628 files checked 14% done
Checking data/c_files/171.cpp ...
data/c_files/171.cpp:2:1: error: Unmatched '{'. Configuration: ''. [syntaxError]
{
^
82/628 files checked 14% done
Checking data/c_files/172.cpp ...
83/628 files checked 17% done
Checking data/c_files/173.cpp ...
84/628 files checked 17% done
Checking data/c_files/174.cpp ...
data/c_files/174.cpp:7:37: error: Unmatched '{'. Configuration: ''. [syntaxError]
       for (p = key; (c = *p); p++) {
                                    ^
85/628 files checked 17% done
Checking data/c_files/175.cpp ...
86/628 files checked 17% done
Checking data/c_files/176.cpp ...
87/628 files checked 17% done
Checking data/c_files/177.cpp ...
88/628 files checked 17% done
Checking data/c_files/178.cpp ...
89/628 files checked 19% done
Checking data/c_files/179.cpp ...
90/628 files checked 19% done
Checking data/c_files/18.cpp ...
91/628 files checked 19% done
Checking data/c_files/180.cpp ...
92/628 files checked 19% done
Checking data/c_files/181.cpp ...
93/628 files checked 19% done
Checking data/c_files/182.cpp ...
94/628 files checked 19% done
Checking data/c_files/183.cpp ...
95/628 files checked 20% done
Checking data/c_files/184.cpp ...
96/628 files checked 21% done
Checking data/c_files/185.cpp ...
97/628 files checked 21% done
Checking data/c_files/186.cpp ...
98/628 files checked 21% done
Checking data/c_files/187.cpp ...
99/628 files checked 21% done
Checking data/c_files/188.cpp ...
Checking data/c_files/188.cpp: OS_ANDROID...
100/628 files checked 22% done
Checking data/c_files/189.cpp ...
Checking data/c_files/189.cpp: OS_CHROMEOS...
101/628 files checked 22% done
Checking data/c_files/19.cpp ...
data/c_files/19.cpp:35:11: error: Unmatched '('. Configuration: ''. [syntaxError]
    while ((NXT(0) != limit) && /* checked *
          ^
102/628 files checked 22% done
Checking data/c_files/190.cpp ...
data/c_files/190.cpp:1:1: error: syntax error [syntaxError]
atm_if_print(netdissect_options *ndo,
^
103/628 files checked 22% done
Checking data/c_files/191.cpp ...
104/628 files checked 22% done
Checking data/c_files/192.cpp ...
105/628 files checked 22% done
Checking data/c_files/193.cpp ...
106/628 files checked 23% done
Checking data/c_files/194.cpp ...
Checking data/c_files/194.cpp: OS_WIN...
107/628 files checked 23% done
Checking data/c_files/195.cpp ...
108/628 files checked 23% done
Checking data/c_files/196.cpp ...
109/628 files checked 23% done
Checking data/c_files/197.cpp ...
110/628 files checked 23% done
Checking data/c_files/198.cpp ...
111/628 files checked 23% done
Checking data/c_files/199.cpp ...
112/628 files checked 23% done
Checking data/c_files/2.cpp ...
113/628 files checked 23% done
Checking data/c_files/20.cpp ...
data/c_files/20.cpp:1:1: error: syntax error [syntaxError]
rs_filter_graph(RSFilter *filter)
^
114/628 files checked 24% done
Checking data/c_files/200.cpp ...
data/c_files/200.cpp:59:1: error: Unmatched '}'. Configuration: ''. [syntaxError]
}
^
115/628 files checked 24% done
Checking data/c_files/201.cpp ...
116/628 files checked 24% done
Checking data/c_files/202.cpp ...
data/c_files/202.cpp:1:1: error: syntax error [syntaxError]
check_1_6_dummy(kadm5_principal_ent_t entry, long mask,
^
117/628 files checked 24% done
Checking data/c_files/203.cpp ...
118/628 files checked 24% done
Checking data/c_files/204.cpp ...
119/628 files checked 24% done
Checking data/c_files/205.cpp ...
120/628 files checked 24% done
Checking data/c_files/206.cpp ...
121/628 files checked 24% done
Checking data/c_files/207.cpp ...
data/c_files/207.cpp:1:1: error: syntax error [syntaxError]
kdc_process_for_user(kdc_realm_t *kdc_active_realm,
^
122/628 files checked 24% done
Checking data/c_files/208.cpp ...
123/628 files checked 24% done
Checking data/c_files/209.cpp ...
124/628 files checked 24% done
Checking data/c_files/21.cpp ...
125/628 files checked 24% done
Checking data/c_files/210.cpp ...
126/628 files checked 25% done
Checking data/c_files/211.cpp ...
data/c_files/211.cpp:1:1: error: syntax error [syntaxError]
loadImage(TIFF* in, struct image_data *image, struct dump_opts *dump, unsigned char **read_ptr)
^
Checking data/c_files/211.cpp: DEBUG2...
127/628 files checked 26% done
Checking data/c_files/212.cpp ...
128/628 files checked 26% done
Checking data/c_files/213.cpp ...
129/628 files checked 26% done
Checking data/c_files/214.cpp ...
130/628 files checked 26% done
Checking data/c_files/215.cpp ...
131/628 files checked 26% done
Checking data/c_files/216.cpp ...
132/628 files checked 26% done
Checking data/c_files/217.cpp ...
133/628 files checked 26% done
Checking data/c_files/218.cpp ...
134/628 files checked 26% done
Checking data/c_files/219.cpp ...
135/628 files checked 26% done
Checking data/c_files/22.cpp ...
136/628 files checked 26% done
Checking data/c_files/220.cpp ...
137/628 files checked 26% done
Checking data/c_files/221.cpp ...
data/c_files/221.cpp:1:1: error: syntax error [syntaxError]
ext4_xattr_block_get(struct inode *inode, int name_index, const char *name,
^
138/628 files checked 27% done
Checking data/c_files/222.cpp ...
139/628 files checked 27% done
Checking data/c_files/223.cpp ...
140/628 files checked 27% done
Checking data/c_files/224.cpp ...
141/628 files checked 27% done
Checking data/c_files/225.cpp ...
142/628 files checked 27% done
Checking data/c_files/226.cpp ...
143/628 files checked 27% done
Checking data/c_files/227.cpp ...
144/628 files checked 27% done
Checking data/c_files/228.cpp ...
145/628 files checked 27% done
Checking data/c_files/229.cpp ...
data/c_files/229.cpp:2:1: error: Unmatched '{'. Configuration: ''. [syntaxError]
{
^
146/628 files checked 27% done
Checking data/c_files/23.cpp ...
147/628 files checked 27% done
Checking data/c_files/230.cpp ...
data/c_files/230.cpp:1:1: error: syntax error [syntaxError]
image_transform_png_set_background_set(PNG_CONST image_transform *this,
^
Checking data/c_files/230.cpp: PNG_FLOATING_POINT_SUPPORTED...
148/628 files checked 27% done
Checking data/c_files/231.cpp ...
data/c_files/231.cpp:1:1: error: syntax error [syntaxError]
compile_bag_node(BagNode* node, regex_t* reg, ScanEnv* env)
^
149/628 files checked 28% done
Checking data/c_files/232.cpp ...
150/628 files checked 28% done
Checking data/c_files/233.cpp ...
151/628 files checked 28% done
Checking data/c_files/234.cpp ...
152/628 files checked 28% done
Checking data/c_files/235.cpp ...
153/628 files checked 28% done
Checking data/c_files/236.cpp ...
154/628 files checked 28% done
Checking data/c_files/237.cpp ...
155/628 files checked 28% done
Checking data/c_files/238.cpp ...
156/628 files checked 28% done
Checking data/c_files/239.cpp ...
157/628 files checked 29% done
Checking data/c_files/24.cpp ...
158/628 files checked 29% done
Checking data/c_files/240.cpp ...
data/c_files/240.cpp:1:1: error: syntax error [syntaxError]
get_princs_2_svc(gprincs_arg *arg, struct svc_req *rqstp)
^
159/628 files checked 29% done
Checking data/c_files/241.cpp ...
160/628 files checked 29% done
Checking data/c_files/242.cpp ...
data/c_files/242.cpp:3:1: error: Unmatched '{'. Configuration: ''. [syntaxError]
{
^
161/628 files checked 29% done
Checking data/c_files/243.cpp ...
162/628 files checked 29% done
Checking data/c_files/244.cpp ...
163/628 files checked 29% done
Checking data/c_files/245.cpp ...
164/628 files checked 29% done
Checking data/c_files/246.cpp ...
165/628 files checked 29% done
Checking data/c_files/247.cpp ...
166/628 files checked 29% done
Checking data/c_files/248.cpp ...
167/628 files checked 30% done
Checking data/c_files/249.cpp ...
168/628 files checked 30% done
Checking data/c_files/25.cpp ...
data/c_files/25.cpp:1:1: error: syntax error [syntaxError]
my_object_dict_of_dicts (MyObject *obj, GHashTable *in,
^
169/628 files checked 30% done
Checking data/c_files/250.cpp ...
170/628 files checked 30% done
Checking data/c_files/251.cpp ...
data/c_files/251.cpp:905:1: error: Unmatched '}'. Configuration: ''. [syntaxError]
}
^
171/628 files checked 32% done
Checking data/c_files/252.cpp ...
data/c_files/252.cpp:1:1: error: syntax error [syntaxError]
gamma_component_validate(PNG_CONST char *name, PNG_CONST validate_info *vi,
^
Checking data/c_files/252.cpp: PNG_READ_ALPHA_MODE_SUPPORTED...
Checking data/c_files/252.cpp: PNG_READ_BACKGROUND_SUPPORTED...
Checking data/c_files/252.cpp: PNG_WARNINGS_SUPPORTED...
172/628 files checked 34% done
Checking data/c_files/253.cpp ...
173/628 files checked 34% done
Checking data/c_files/254.cpp ...
174/628 files checked 34% done
Checking data/c_files/255.cpp ...
175/628 files checked 34% done
Checking data/c_files/256.cpp ...
data/c_files/256.cpp:2:1: error: Unmatched '{'. Configuration: ''. [syntaxError]
{
^
176/628 files checked 34% done
Checking data/c_files/257.cpp ...
177/628 files checked 35% done
Checking data/c_files/258.cpp ...
178/628 files checked 35% done
Checking data/c_files/259.cpp ...
179/628 files checked 35% done
Checking data/c_files/26.cpp ...
180/628 files checked 35% done
Checking data/c_files/260.cpp ...
181/628 files checked 35% done
Checking data/c_files/261.cpp ...
182/628 files checked 35% done
Checking data/c_files/262.cpp ...
Checking data/c_files/262.cpp: OS_MACOSX...
183/628 files checked 35% done
Checking data/c_files/263.cpp ...
data/c_files/263.cpp:166:1: error: Unmatched '}'. Configuration: ''. [syntaxError]
}
^
184/628 files checked 35% done
Checking data/c_files/264.cpp ...
185/628 files checked 35% done
Checking data/c_files/265.cpp ...
186/628 files checked 35% done
Checking data/c_files/266.cpp ...
187/628 files checked 36% done
Checking data/c_files/267.cpp ...
data/c_files/267.cpp:1:1: error: syntax error [syntaxError]
mark_source_chains(const struct xt_table_info *newinfo,
^
Checking data/c_files/267.cpp: DEBUG_IP_FIREWALL_USER...
188/628 files checked 36% done
Checking data/c_files/268.cpp ...
189/628 files checked 36% done
Checking data/c_files/269.cpp ...
data/c_files/269.cpp:2:1: error: Unmatched '{'. Configuration: ''. [syntaxError]
{
^
190/628 files checked 36% done
Checking data/c_files/27.cpp ...
191/628 files checked 36% done
Checking data/c_files/270.cpp ...
192/628 files checked 36% done
Checking data/c_files/271.cpp ...
193/628 files checked 36% done
Checking data/c_files/272.cpp ...
data/c_files/272.cpp:1:1: error: syntax error [syntaxError]
_ksba_name_new_from_der (ksba_name_t *r_name,
^
194/628 files checked 36% done
Checking data/c_files/273.cpp ...
data/c_files/273.cpp:2:1: error: Unmatched '{'. Configuration: ''. [syntaxError]
{
^
195/628 files checked 36% done
Checking data/c_files/274.cpp ...
196/628 files checked 36% done
Checking data/c_files/275.cpp ...
data/c_files/275.cpp:6:1: error: Unmatched '{'. Configuration: ''. [syntaxError]
{
^
197/628 files checked 36% done
Checking data/c_files/276.cpp ...
198/628 files checked 37% done
Checking data/c_files/277.cpp ...
199/628 files checked 37% done
Checking data/c_files/278.cpp ...
200/628 files checked 37% done
Checking data/c_files/279.cpp ...
data/c_files/279.cpp:1:1: error: syntax error [syntaxError]
my_object_many_args (MyObject *obj, guint32 x, const char *str, double trouble, double *d_ret, char **str_ret, GError **error)
^
201/628 files checked 37% done
Checking data/c_files/28.cpp ...
202/628 files checked 37% done
Checking data/c_files/280.cpp ...
203/628 files checked 37% done
Checking data/c_files/281.cpp ...
204/628 files checked 37% done
Checking data/c_files/282.cpp ...
205/628 files checked 37% done
Checking data/c_files/283.cpp ...
data/c_files/283.cpp:1:1: error: There is an unknown macro here somewhere. Configuration is required. If BGD_DECLARE is a macro then please configure it. [unknownMacro]
BGD_DECLARE(void *) gdImageWebpPtrEx (gdImagePtr im, int *size, int quality)
^
206/628 files checked 37% done
Checking data/c_files/284.cpp ...
207/628 files checked 37% done
Checking data/c_files/285.cpp ...
data/c_files/285.cpp:107:0: error: #endif without #if [preprocessorErrorDirective]
#endif
^
208/628 files checked 39% done
Checking data/c_files/286.cpp ...
Checking data/c_files/286.cpp: ENABLE_SAFE_BROWSING...
Checking data/c_files/286.cpp: OS_MACOSX...
209/628 files checked 39% done
Checking data/c_files/287.cpp ...
210/628 files checked 39% done
Checking data/c_files/288.cpp ...
data/c_files/288.cpp:1:1: error: syntax error [syntaxError]
rename_principal_2_svc(rprinc_arg *arg, struct svc_req *rqstp)
^
211/628 files checked 40% done
Checking data/c_files/289.cpp ...
data/c_files/289.cpp:1:1: error: syntax error [syntaxError]
XIQueryDevice(Display *dpy, int deviceid, int *ndevices_return)
^
212/628 files checked 40% done
Checking data/c_files/29.cpp ...
213/628 files checked 40% done
Checking data/c_files/290.cpp ...
data/c_files/290.cpp:9:1: error: syntax error [syntaxError]
if (desc < 0)
^
214/628 files checked 40% done
Checking data/c_files/291.cpp ...
data/c_files/291.cpp:1:1: error: syntax error [syntaxError]
parse_rock_ridge_inode_internal(struct iso_directory_record *de,
^
Checking data/c_files/291.cpp: CONFIG_ZISOFS...
215/628 files checked 41% done
Checking data/c_files/292.cpp ...
216/628 files checked 41% done
Checking data/c_files/293.cpp ...
217/628 files checked 41% done
Checking data/c_files/294.cpp ...
218/628 files checked 41% done
Checking data/c_files/295.cpp ...
data/c_files/295.cpp:1:1: error: syntax error [syntaxError]
ieee802_15_4_if_print(netdissect_options *ndo,
^
219/628 files checked 41% done
Checking data/c_files/296.cpp ...
220/628 files checked 41% done
Checking data/c_files/297.cpp ...
221/628 files checked 41% done
Checking data/c_files/298.cpp ...
data/c_files/298.cpp:1:1: error: syntax error [syntaxError]
vhost_scsi_send_evt(struct vhost_scsi *vs,
^
222/628 files checked 41% done
Checking data/c_files/299.cpp ...
223/628 files checked 41% done
Checking data/c_files/3.cpp ...
224/628 files checked 41% done
Checking data/c_files/30.cpp ...
225/628 files checked 41% done
Checking data/c_files/300.cpp ...
data/c_files/300.cpp:1:1: error: syntax error [syntaxError]
rx_cache_insert(netdissect_options *ndo,
^
226/628 files checked 41% done
Checking data/c_files/301.cpp ...
227/628 files checked 42% done
Checking data/c_files/302.cpp ...
data/c_files/302.cpp:1:1: error: syntax error [syntaxError]
dissect_spoolss_keybuffer(tvbuff_t *tvb, int offset, packet_info *pinfo,
^
228/628 files checked 42% done
Checking data/c_files/303.cpp ...
229/628 files checked 42% done
Checking data/c_files/304.cpp ...
230/628 files checked 42% done
Checking data/c_files/305.cpp ...
231/628 files checked 42% done
Checking data/c_files/306.cpp ...
data/c_files/306.cpp:1:1: error: syntax error [syntaxError]
krb5_gss_inquire_sec_context_by_oid (OM_uint32 *minor_status,
^
232/628 files checked 42% done
Checking data/c_files/307.cpp ...
data/c_files/307.cpp:1:1: error: syntax error [syntaxError]
IPV6DefragReverseSimpleTest(void)
^
233/628 files checked 42% done
Checking data/c_files/308.cpp ...
Checking data/c_files/308.cpp: DEBUG_DEVTOOLS...
234/628 files checked 42% done
Checking data/c_files/309.cpp ...
235/628 files checked 42% done
Checking data/c_files/31.cpp ...
236/628 files checked 42% done
Checking data/c_files/310.cpp ...
237/628 files checked 43% done
Checking data/c_files/311.cpp ...
238/628 files checked 43% done
Checking data/c_files/312.cpp ...
239/628 files checked 43% done
Checking data/c_files/313.cpp ...
240/628 files checked 43% done
Checking data/c_files/314.cpp ...
data/c_files/314.cpp:1:1: error: syntax error [syntaxError]
on_unregister_handler(TCMUService1HandlerManager1 *interface,
^
241/628 files checked 43% done
Checking data/c_files/315.cpp ...
data/c_files/315.cpp:1:1: error: syntax error [syntaxError]
_exsltDateTruncateDate (exsltDateValPtr dt, exsltDateType type)
^
242/628 files checked 43% done
Checking data/c_files/316.cpp ...
data/c_files/316.cpp:1:1: error: syntax error [syntaxError]
cib_remote_dispatch(gpointer user_data)
^
243/628 files checked 43% done
Checking data/c_files/317.cpp ...
244/628 files checked 43% done
Checking data/c_files/318.cpp ...
data/c_files/318.cpp:1:1: error: syntax error [syntaxError]
gplotAddPlot(GPLOT       *gplot,
^
245/628 files checked 44% done
Checking data/c_files/319.cpp ...
246/628 files checked 44% done
Checking data/c_files/32.cpp ...
data/c_files/32.cpp:1:1: error: syntax error [syntaxError]
FT_Bitmap_Embolden( FT_Library  library,
^
247/628 files checked 44% done
Checking data/c_files/320.cpp ...
248/628 files checked 44% done
Checking data/c_files/321.cpp ...
249/628 files checked 44% done
Checking data/c_files/322.cpp ...
data/c_files/322.cpp:1:1: error: syntax error [syntaxError]
pvscsi_ring_init_data(PVSCSIRingInfo *m, PVSCSICmdDescSetupRings *ri)
^
250/628 files checked 44% done
Checking data/c_files/323.cpp ...
data/c_files/323.cpp:1:1: error: syntax error [syntaxError]
parse_netscreen_hex_dump(FILE_T fh, int pkt_len, const char *cap_int,
^
251/628 files checked 44% done
Checking data/c_files/324.cpp ...
data/c_files/324.cpp:151:1: error: Unmatched '}'. Configuration: ''. [syntaxError]
}
^
252/628 files checked 45% done
Checking data/c_files/325.cpp ...
253/628 files checked 45% done
Checking data/c_files/326.cpp ...
data/c_files/326.cpp:1:1: error: syntax error [syntaxError]
do_prefetch_tables (const void *gcmM, size_t gcmM_size)
^
254/628 files checked 45% done
Checking data/c_files/327.cpp ...
255/628 files checked 45% done
Checking data/c_files/328.cpp ...
data/c_files/328.cpp:1:1: error: syntax error [syntaxError]
get_caller_uid (GDBusMethodInvocation *context, gint *uid)
^
256/628 files checked 45% done
Checking data/c_files/329.cpp ...
257/628 files checked 45% done
Checking data/c_files/33.cpp ...
258/628 files checked 45% done
Checking data/c_files/330.cpp ...
259/628 files checked 45% done
Checking data/c_files/331.cpp ...
data/c_files/331.cpp:1:1: error: syntax error [syntaxError]
ikev2_auth_print(netdissect_options *ndo, u_char tpay,
^
260/628 files checked 45% done
Checking data/c_files/332.cpp ...
261/628 files checked 45% done
Checking data/c_files/333.cpp ...
data/c_files/333.cpp:1:1: error: syntax error [syntaxError]
png_inflate(png_structp png_ptr, const png_byte *data, png_size_t size,
^
Checking data/c_files/333.cpp: PNG_STDIO_SUPPORTED;_WIN32_WCE...
262/628 files checked 46% done
Checking data/c_files/334.cpp ...
data/c_files/334.cpp:1:1: error: syntax error [syntaxError]
mm_sshpam_init_ctx(Authctxt *authctxt)
^
263/628 files checked 46% done
Checking data/c_files/335.cpp ...
264/628 files checked 46% done
Checking data/c_files/336.cpp ...
data/c_files/336.cpp:1:1: error: syntax error [syntaxError]
print_bacp_config_options(netdissect_options *ndo,
^
265/628 files checked 46% done
Checking data/c_files/337.cpp ...
266/628 files checked 46% done
Checking data/c_files/338.cpp ...
267/628 files checked 46% done
Checking data/c_files/339.cpp ...
268/628 files checked 46% done
Checking data/c_files/34.cpp ...
data/c_files/34.cpp:3:1: error: Unmatched '{'. Configuration: ''. [syntaxError]
{
^
269/628 files checked 47% done
Checking data/c_files/340.cpp ...
270/628 files checked 47% done
Checking data/c_files/341.cpp ...
data/c_files/341.cpp:1:1: error: syntax error [syntaxError]
set_string_2_svc(sstring_arg *arg, struct svc_req *rqstp)
^
271/628 files checked 47% done
Checking data/c_files/342.cpp ...
272/628 files checked 47% done
Checking data/c_files/343.cpp ...
273/628 files checked 47% done
Checking data/c_files/344.cpp ...
274/628 files checked 47% done
Checking data/c_files/345.cpp ...
data/c_files/345.cpp:2:1: error: Unmatched '{'. Configuration: ''. [syntaxError]
{
^
275/628 files checked 47% done
Checking data/c_files/346.cpp ...
data/c_files/346.cpp:1:1: error: syntax error [syntaxError]
vhost_scsi_make_tpg(struct se_wwn *wwn,
^
276/628 files checked 47% done
Checking data/c_files/347.cpp ...
277/628 files checked 47% done
Checking data/c_files/348.cpp ...
278/628 files checked 48% done
Checking data/c_files/349.cpp ...
279/628 files checked 48% done
Checking data/c_files/35.cpp ...
280/628 files checked 48% done
Checking data/c_files/350.cpp ...
281/628 files checked 48% done
Checking data/c_files/351.cpp ...
282/628 files checked 49% done
Checking data/c_files/352.cpp ...
283/628 files checked 49% done
Checking data/c_files/353.cpp ...
284/628 files checked 49% done
Checking data/c_files/354.cpp ...
data/c_files/354.cpp:1:1: error: syntax error [syntaxError]
spnego_gss_wrap_iov(OM_uint32 *minor_status,
^
285/628 files checked 49% done
Checking data/c_files/355.cpp ...
286/628 files checked 49% done
Checking data/c_files/356.cpp ...
287/628 files checked 49% done
Checking data/c_files/357.cpp ...
288/628 files checked 49% done
Checking data/c_files/358.cpp ...
289/628 files checked 50% done
Checking data/c_files/359.cpp ...
Checking data/c_files/359.cpp: OS_MACOSX...
290/628 files checked 50% done
Checking data/c_files/36.cpp ...
291/628 files checked 50% done
Checking data/c_files/360.cpp ...
292/628 files checked 50% done
Checking data/c_files/361.cpp ...
293/628 files checked 50% done
Checking data/c_files/362.cpp ...
294/628 files checked 50% done
Checking data/c_files/363.cpp ...
295/628 files checked 50% done
Checking data/c_files/364.cpp ...
296/628 files checked 50% done
Checking data/c_files/365.cpp ...
297/628 files checked 50% done
Checking data/c_files/366.cpp ...
298/628 files checked 51% done
Checking data/c_files/367.cpp ...
299/628 files checked 51% done
Checking data/c_files/368.cpp ...
300/628 files checked 51% done
Checking data/c_files/369.cpp ...
301/628 files checked 51% done
Checking data/c_files/37.cpp ...
Checking data/c_files/37.cpp: OS_ANDROID...
302/628 files checked 51% done
Checking data/c_files/370.cpp ...
data/c_files/370.cpp:1:1: error: syntax error [syntaxError]
xfs_attr_rmtval_set(
^
303/628 files checked 52% done
Checking data/c_files/371.cpp ...
data/c_files/371.cpp:1:1: error: syntax error [syntaxError]
xmlParseConditionalSections(xmlParserCtxtPtr ctxt) {
^
304/628 files checked 52% done
Checking data/c_files/372.cpp ...
305/628 files checked 52% done
Checking data/c_files/373.cpp ...
306/628 files checked 52% done
Checking data/c_files/374.cpp ...
data/c_files/374.cpp:1:1: error: syntax error [syntaxError]
image_transform_png_set_expand_16_add(image_transform *this,
^
307/628 files checked 52% done
Checking data/c_files/375.cpp ...
data/c_files/375.cpp:1:1: error: syntax error [syntaxError]
process_open(u_int32_t id)
^
308/628 files checked 52% done
Checking data/c_files/376.cpp ...
309/628 files checked 53% done
Checking data/c_files/377.cpp ...
310/628 files checked 53% done
Checking data/c_files/378.cpp ...
data/c_files/378.cpp:1:1: error: syntax error [syntaxError]
get_control(png_const_structrp png_ptr)
^
311/628 files checked 53% done
Checking data/c_files/379.cpp ...
data/c_files/379.cpp:1:1: error: syntax error [syntaxError]
DecodeNumberField(int len, char *str, int fmask,
^
Checking data/c_files/379.cpp: HAVE_INT64_TIMESTAMP...
312/628 files checked 53% done
Checking data/c_files/38.cpp ...
Checking data/c_files/38.cpp: OS_POSIX...
313/628 files checked 53% done
Checking data/c_files/380.cpp ...
314/628 files checked 53% done
Checking data/c_files/381.cpp ...
315/628 files checked 53% done
Checking data/c_files/382.cpp ...
data/c_files/382.cpp:1:1: error: syntax error [syntaxError]
freeimage(Image *image)
^
316/628 files checked 53% done
Checking data/c_files/383.cpp ...
317/628 files checked 53% done
Checking data/c_files/384.cpp ...
318/628 files checked 53% done
Checking data/c_files/385.cpp ...
data/c_files/385.cpp:62:0: error: #endif without #if [preprocessorErrorDirective]
#endif
^
319/628 files checked 54% done
Checking data/c_files/386.cpp ...
320/628 files checked 54% done
Checking data/c_files/387.cpp ...
321/628 files checked 54% done
Checking data/c_files/388.cpp ...
322/628 files checked 54% done
Checking data/c_files/389.cpp ...
323/628 files checked 54% done
Checking data/c_files/39.cpp ...
324/628 files checked 54% done
Checking data/c_files/390.cpp ...
325/628 files checked 54% done
Checking data/c_files/391.cpp ...
326/628 files checked 54% done
Checking data/c_files/392.cpp ...
327/628 files checked 54% done
Checking data/c_files/393.cpp ...
328/628 files checked 54% done
Checking data/c_files/394.cpp ...
329/628 files checked 54% done
Checking data/c_files/395.cpp ...
data/c_files/395.cpp:5:1: error: Unmatched '{'. Configuration: ''. [syntaxError]
{
^
330/628 files checked 54% done
Checking data/c_files/396.cpp ...
331/628 files checked 55% done
Checking data/c_files/397.cpp ...
332/628 files checked 55% done
Checking data/c_files/398.cpp ...
333/628 files checked 55% done
Checking data/c_files/399.cpp ...
334/628 files checked 55% done
Checking data/c_files/4.cpp ...
335/628 files checked 55% done
Checking data/c_files/40.cpp ...
data/c_files/40.cpp:1:1: error: syntax error [syntaxError]
png_write_destroy(png_structp png_ptr)
^
Checking data/c_files/40.cpp: PNG_SETJMP_SUPPORTED...
Checking data/c_files/40.cpp: PNG_TIME_RFC1123_SUPPORTED...
Checking data/c_files/40.cpp: PNG_USER_MEM_SUPPORTED...
Checking data/c_files/40.cpp: PNG_WRITE_FILTER_SUPPORTED...
Checking data/c_files/40.cpp: PNG_WRITE_WEIGHTED_FILTER_SUPPORTED...
336/628 files checked 55% done
Checking data/c_files/400.cpp ...
data/c_files/400.cpp:1:1: error: syntax error [syntaxError]
_zip_cdir_new(int nentry, struct zip_error *error)
^
337/628 files checked 55% done
Checking data/c_files/401.cpp ...
338/628 files checked 55% done
Checking data/c_files/402.cpp ...
339/628 files checked 55% done
Checking data/c_files/403.cpp ...
340/628 files checked 55% done
Checking data/c_files/404.cpp ...
data/c_files/404.cpp:1:1: error: syntax error [syntaxError]
Load_SBit_Png( FT_GlyphSlot     slot,
^
341/628 files checked 56% done
Checking data/c_files/405.cpp ...
342/628 files checked 56% done
Checking data/c_files/406.cpp ...
343/628 files checked 56% done
Checking data/c_files/407.cpp ...
344/628 files checked 56% done
Checking data/c_files/408.cpp ...
345/628 files checked 56% done
Checking data/c_files/409.cpp ...
346/628 files checked 56% done
Checking data/c_files/41.cpp ...
data/c_files/41.cpp:1:1: error: syntax error [syntaxError]
XFixesFetchRegionAndBounds (Display     *dpy,
^
347/628 files checked 56% done
Checking data/c_files/410.cpp ...
348/628 files checked 57% done
Checking data/c_files/411.cpp ...
349/628 files checked 57% done
Checking data/c_files/412.cpp ...
data/c_files/412.cpp:2:1: error: Unmatched '{'. Configuration: ''. [syntaxError]
{
^
350/628 files checked 57% done
Checking data/c_files/413.cpp ...
351/628 files checked 57% done
Checking data/c_files/414.cpp ...
352/628 files checked 57% done
Checking data/c_files/415.cpp ...
data/c_files/415.cpp:1:1: error: syntax error [syntaxError]
horDiff8(TIFF* tif, uint8* cp0, tmsize_t cc)
^
353/628 files checked 57% done
Checking data/c_files/416.cpp ...
data/c_files/416.cpp:1:1: error: syntax error [syntaxError]
acc_ctx_cont(OM_uint32 *minstat,
^
354/628 files checked 58% done
Checking data/c_files/417.cpp ...
355/628 files checked 58% done
Checking data/c_files/418.cpp ...
356/628 files checked 58% done
Checking data/c_files/419.cpp ...
357/628 files checked 59% done
Checking data/c_files/42.cpp ...
Checking data/c_files/42.cpp: USE_JPWL;USE_MJ2...
358/628 files checked 59% done
Checking data/c_files/420.cpp ...
359/628 files checked 59% done
Checking data/c_files/421.cpp ...
360/628 files checked 59% done
Checking data/c_files/422.cpp ...
data/c_files/422.cpp:2:1: error: Unmatched '{'. Configuration: ''. [syntaxError]
{
^
361/628 files checked 59% done
Checking data/c_files/423.cpp ...
data/c_files/423.cpp:1:1: error: syntax error [syntaxError]
parse_field(netdissect_options *ndo, const char **pptr, int *len)
^
362/628 files checked 59% done
Checking data/c_files/424.cpp ...
363/628 files checked 59% done
Checking data/c_files/425.cpp ...
364/628 files checked 59% done
Checking data/c_files/426.cpp ...
365/628 files checked 59% done
Checking data/c_files/427.cpp ...
data/c_files/427.cpp:1:1: error: syntax error [syntaxError]
my_object_str_hash_len (MyObject *obj, GHashTable *table, guint *len, GError **error)
^
366/628 files checked 59% done
Checking data/c_files/428.cpp ...
367/628 files checked 60% done
Checking data/c_files/429.cpp ...
data/c_files/429.cpp:1:1: error: syntax error [syntaxError]
XGetDeviceControl(
^
368/628 files checked 60% done
Checking data/c_files/43.cpp ...
369/628 files checked 60% done
Checking data/c_files/430.cpp ...
370/628 files checked 60% done
Checking data/c_files/431.cpp ...
371/628 files checked 60% done
Checking data/c_files/432.cpp ...
372/628 files checked 61% done
Checking data/c_files/433.cpp ...
373/628 files checked 61% done
Checking data/c_files/434.cpp ...
Checking data/c_files/434.cpp: CONFIG_COMPAT_NETLINK_MESSAGES...
374/628 files checked 61% done
Checking data/c_files/435.cpp ...
data/c_files/435.cpp:1:1: error: syntax error [syntaxError]
pimv1_print(netdissect_options *ndo,
^
375/628 files checked 61% done
Checking data/c_files/436.cpp ...
376/628 files checked 61% done
Checking data/c_files/437.cpp ...
Checking data/c_files/437.cpp: OS_CHROMEOS...
Checking data/c_files/437.cpp: OS_MACOSX...
377/628 files checked 61% done
Checking data/c_files/438.cpp ...
378/628 files checked 61% done
Checking data/c_files/439.cpp ...
data/c_files/439.cpp:1:1: error: syntax error [syntaxError]
lldp_private_8021_print(netdissect_options *ndo,
^
379/628 files checked 62% done
Checking data/c_files/44.cpp ...
data/c_files/44.cpp:1:1: error: syntax error [syntaxError]
queue_unlock(struct futex_q *q, struct futex_hash_bucket *hb)
^
380/628 files checked 62% done
Checking data/c_files/440.cpp ...
381/628 files checked 62% done
Checking data/c_files/441.cpp ...
382/628 files checked 62% done
Checking data/c_files/442.cpp ...
data/c_files/442.cpp:2:1: error: Unmatched '{'. Configuration: ''. [syntaxError]
{
^
383/628 files checked 62% done
Checking data/c_files/443.cpp ...
384/628 files checked 62% done
Checking data/c_files/444.cpp ...
385/628 files checked 63% done
Checking data/c_files/445.cpp ...
386/628 files checked 63% done
Checking data/c_files/446.cpp ...
387/628 files checked 63% done
Checking data/c_files/447.cpp ...
388/628 files checked 63% done
Checking data/c_files/448.cpp ...
389/628 files checked 63% done
Checking data/c_files/449.cpp ...
390/628 files checked 63% done
Checking data/c_files/45.cpp ...
391/628 files checked 63% done
Checking data/c_files/450.cpp ...
392/628 files checked 63% done
Checking data/c_files/451.cpp ...
393/628 files checked 63% done
Checking data/c_files/452.cpp ...
data/c_files/452.cpp:1:1: error: syntax error [syntaxError]
htmlParseElementInternal(htmlParserCtxtPtr ctxt) {
^
394/628 files checked 64% done
Checking data/c_files/453.cpp ...
data/c_files/453.cpp:1:1: error: syntax error [syntaxError]
dns_resolver_match(const struct key *key,
^
395/628 files checked 64% done
Checking data/c_files/454.cpp ...
396/628 files checked 64% done
Checking data/c_files/455.cpp ...
data/c_files/455.cpp:48:0: error: #endif without #if [preprocessorErrorDirective]
#endif /* 0 */
^
397/628 files checked 64% done
Checking data/c_files/456.cpp ...
398/628 files checked 64% done
Checking data/c_files/457.cpp ...
399/628 files checked 64% done
Checking data/c_files/458.cpp ...
400/628 files checked 64% done
Checking data/c_files/459.cpp ...
401/628 files checked 64% done
Checking data/c_files/46.cpp ...
402/628 files checked 64% done
Checking data/c_files/460.cpp ...
403/628 files checked 65% done
Checking data/c_files/461.cpp ...
data/c_files/461.cpp:1:1: error: syntax error [syntaxError]
lookup_bytestring(netdissect_options *ndo, register const u_char *bs,
^
404/628 files checked 65% done
Checking data/c_files/462.cpp ...
405/628 files checked 65% done
Checking data/c_files/463.cpp ...
406/628 files checked 65% done
Checking data/c_files/464.cpp ...
data/c_files/464.cpp:1:1: error: syntax error [syntaxError]
sg_common_write(Sg_fd * sfp, Sg_request * srp,
^
407/628 files checked 65% done
Checking data/c_files/465.cpp ...
408/628 files checked 65% done
Checking data/c_files/466.cpp ...
409/628 files checked 65% done
Checking data/c_files/467.cpp ...
Checking data/c_files/467.cpp: OS_ANDROID...
Checking data/c_files/467.cpp: OS_CHROMEOS...
410/628 files checked 65% done
Checking data/c_files/468.cpp ...
411/628 files checked 65% done
Checking data/c_files/469.cpp ...
412/628 files checked 65% done
Checking data/c_files/47.cpp ...
data/c_files/47.cpp:2:1: error: Unmatched '{'. Configuration: ''. [syntaxError]
{
^
413/628 files checked 66% done
Checking data/c_files/470.cpp ...
data/c_files/470.cpp:1:1: error: syntax error [syntaxError]
AirPDcapDecryptWPABroadcastKey(const EAPOL_RSN_KEY *pEAPKey, guint8 *decryption_key, PAIRPDCAP_SEC_ASSOCIATION sa, guint eapol_len)
^
414/628 files checked 66% done
Checking data/c_files/471.cpp ...
415/628 files checked 66% done
Checking data/c_files/472.cpp ...
416/628 files checked 67% done
Checking data/c_files/473.cpp ...
417/628 files checked 67% done
Checking data/c_files/474.cpp ...
418/628 files checked 67% done
Checking data/c_files/475.cpp ...
419/628 files checked 67% done
Checking data/c_files/476.cpp ...
420/628 files checked 67% done
Checking data/c_files/477.cpp ...
data/c_files/477.cpp:19:4: error: Unmatched '{'. Configuration: ''. [syntaxError]
do {
   ^
421/628 files checked 67% done
Checking data/c_files/478.cpp ...
422/628 files checked 67% done
Checking data/c_files/479.cpp ...
423/628 files checked 67% done
Checking data/c_files/48.cpp ...
424/628 files checked 67% done
Checking data/c_files/480.cpp ...
425/628 files checked 67% done
Checking data/c_files/481.cpp ...
data/c_files/481.cpp:1:1: error: syntax error [syntaxError]
cdf_file_summary_info(struct magic_set *ms, const cdf_header_t *h,
^
426/628 files checked 67% done
Checking data/c_files/482.cpp ...
Checking data/c_files/482.cpp: FULL_SAFE_BROWSING...
Checking data/c_files/482.cpp: OS_ANDROID...
427/628 files checked 68% done
Checking data/c_files/483.cpp ...
428/628 files checked 68% done
Checking data/c_files/484.cpp ...
data/c_files/484.cpp:29:33: error: Unmatched ')'. Configuration: ''. [syntaxError]
GST_TAG_PREVIEW_IMAGE, img, NULL);
                                ^
429/628 files checked 68% done
Checking data/c_files/485.cpp ...
430/628 files checked 68% done
Checking data/c_files/486.cpp ...
431/628 files checked 68% done
Checking data/c_files/487.cpp ...
data/c_files/487.cpp:1:1: error: syntax error [syntaxError]
i915_gem_execbuffer2(struct drm_device *dev, void *data,
^
432/628 files checked 69% done
Checking data/c_files/488.cpp ...
data/c_files/488.cpp:11:18: error: Unmatched ')'. Configuration: ''. [syntaxError]
CARD16     height);
                 ^
Checking data/c_files/488.cpp: NO_MASKED_PACKED_READ...
data/c_files/488.cpp:11:18: error: Unmatched ')'. Configuration: 'NO_MASKED_PACKED_READ'. [syntaxError]
CARD16     height);
                 ^
Checking data/c_files/488.cpp: USE_MMX...
data/c_files/488.cpp:11:18: error: Unmatched ')'. Configuration: 'USE_MMX'. [syntaxError]
CARD16     height);
                 ^
433/628 files checked 72% done
Checking data/c_files/489.cpp ...
434/628 files checked 72% done
Checking data/c_files/49.cpp ...
Checking data/c_files/49.cpp: OS_ANDROID...
435/628 files checked 72% done
Checking data/c_files/490.cpp ...
data/c_files/490.cpp:1:1: error: syntax error [syntaxError]
l2tp_accm_print(netdissect_options *ndo, const u_char *dat)
^
436/628 files checked 72% done
Checking data/c_files/491.cpp ...
data/c_files/491.cpp:2:0: error: #else without #if [preprocessorErrorDirective]
#else
^
437/628 files checked 72% done
Checking data/c_files/492.cpp ...
438/628 files checked 72% done
Checking data/c_files/493.cpp ...
439/628 files checked 72% done
Checking data/c_files/494.cpp ...
440/628 files checked 72% done
Checking data/c_files/495.cpp ...
441/628 files checked 72% done
Checking data/c_files/496.cpp ...
442/628 files checked 72% done
Checking data/c_files/497.cpp ...
443/628 files checked 72% done
Checking data/c_files/498.cpp ...
data/c_files/498.cpp:1:1: error: syntax error [syntaxError]
tiffcp(TIFF* in, TIFF* out)
^
444/628 files checked 73% done
Checking data/c_files/499.cpp ...
445/628 files checked 73% done
Checking data/c_files/5.cpp ...
data/c_files/5.cpp:1:1: error: syntax error [syntaxError]
gray_render_span( int             y,
^
446/628 files checked 73% done
Checking data/c_files/50.cpp ...
Checking data/c_files/50.cpp: OS_FREEBSD...
447/628 files checked 73% done
Checking data/c_files/500.cpp ...
448/628 files checked 73% done
Checking data/c_files/501.cpp ...
449/628 files checked 73% done
Checking data/c_files/502.cpp ...
data/c_files/502.cpp:130:5: error: Uninitialized variable: replace [uninitvar]
p = replace;
    ^
data/c_files/502.cpp:134:6: error: Uninitialized variable: replace_len [uninitvar]
if ((replace_len - i) >= 2 && fwd == 1 &&
     ^
data/c_files/502.cpp:107:27: error: Uninitialized variable: string [uninitvar]
string_lim = (OnigUChar*)(string + string_len);
                          ^
data/c_files/502.cpp:107:36: error: Uninitialized variable: string_len [uninitvar]
string_lim = (OnigUChar*)(string + string_len);
                                   ^
data/c_files/502.cpp:131:12: error: Uninitialized variable: replace_len [uninitvar]
while (i < replace_len) {
           ^
Checking data/c_files/502.cpp: moriyoshi_0...
450/628 files checked 74% done
Checking data/c_files/503.cpp ...
451/628 files checked 74% done
Checking data/c_files/504.cpp ...
452/628 files checked 74% done
Checking data/c_files/505.cpp ...
453/628 files checked 74% done
Checking data/c_files/506.cpp ...
454/628 files checked 74% done
Checking data/c_files/507.cpp ...
Checking data/c_files/507.cpp: KEY_DEBUGGING...
455/628 files checked 75% done
Checking data/c_files/508.cpp ...
456/628 files checked 75% done
Checking data/c_files/509.cpp ...
457/628 files checked 75% done
Checking data/c_files/51.cpp ...
458/628 files checked 75% done
Checking data/c_files/510.cpp ...
459/628 files checked 75% done
Checking data/c_files/511.cpp ...
460/628 files checked 75% done
Checking data/c_files/512.cpp ...
461/628 files checked 75% done
Checking data/c_files/513.cpp ...
data/c_files/513.cpp:1:1: error: syntax error [syntaxError]
qedi_dbg_notice(struct qedi_dbg_ctx *qedi, const char *func, u32 line,
^
462/628 files checked 75% done
Checking data/c_files/514.cpp ...
data/c_files/514.cpp:181:0: error: #endif without #if [preprocessorErrorDirective]
#endif
^
463/628 files checked 76% done
Checking data/c_files/515.cpp ...
data/c_files/515.cpp:8:1: error: Unmatched '{'. Configuration: ''. [syntaxError]
{
^
464/628 files checked 76% done
Checking data/c_files/516.cpp ...
465/628 files checked 76% done
Checking data/c_files/517.cpp ...
466/628 files checked 76% done
Checking data/c_files/518.cpp ...
467/628 files checked 77% done
Checking data/c_files/519.cpp ...
468/628 files checked 77% done
Checking data/c_files/52.cpp ...
469/628 files checked 77% done
Checking data/c_files/520.cpp ...
470/628 files checked 77% done
Checking data/c_files/521.cpp ...
data/c_files/521.cpp:1:1: error: syntax error [syntaxError]
parse_group_prop_ntr_selection_method(struct ofpbuf *payload,
^
471/628 files checked 77% done
Checking data/c_files/522.cpp ...
472/628 files checked 77% done
Checking data/c_files/523.cpp ...
473/628 files checked 77% done
Checking data/c_files/524.cpp ...
474/628 files checked 77% done
Checking data/c_files/525.cpp ...
475/628 files checked 77% done
Checking data/c_files/526.cpp ...
476/628 files checked 78% done
Checking data/c_files/527.cpp ...
477/628 files checked 78% done
Checking data/c_files/528.cpp ...
478/628 files checked 78% done
Checking data/c_files/529.cpp ...
479/628 files checked 78% done
Checking data/c_files/53.cpp ...
480/628 files checked 78% done
Checking data/c_files/530.cpp ...
481/628 files checked 78% done
Checking data/c_files/531.cpp ...
482/628 files checked 78% done
Checking data/c_files/532.cpp ...
483/628 files checked 78% done
Checking data/c_files/533.cpp ...
484/628 files checked 78% done
Checking data/c_files/534.cpp ...
485/628 files checked 78% done
Checking data/c_files/535.cpp ...
486/628 files checked 78% done
Checking data/c_files/536.cpp ...
487/628 files checked 78% done
Checking data/c_files/537.cpp ...
488/628 files checked 78% done
Checking data/c_files/538.cpp ...
489/628 files checked 78% done
Checking data/c_files/539.cpp ...
Checking data/c_files/539.cpp: HAVE_SYS_PERSONALITY_H...
490/628 files checked 79% done
Checking data/c_files/54.cpp ...
491/628 files checked 79% done
Checking data/c_files/540.cpp ...
data/c_files/540.cpp:1:1: error: syntax error [syntaxError]
vips_tracked_malloc( size_t size )
^
Checking data/c_files/540.cpp: DEBUG...
Checking data/c_files/540.cpp: DEBUG_VERBOSE...
492/628 files checked 79% done
Checking data/c_files/541.cpp ...
493/628 files checked 79% done
Checking data/c_files/542.cpp ...
494/628 files checked 79% done
Checking data/c_files/543.cpp ...
495/628 files checked 79% done
Checking data/c_files/544.cpp ...
496/628 files checked 80% done
Checking data/c_files/545.cpp ...
497/628 files checked 80% done
Checking data/c_files/546.cpp ...
498/628 files checked 80% done
Checking data/c_files/547.cpp ...
499/628 files checked 80% done
Checking data/c_files/548.cpp ...
500/628 files checked 80% done
Checking data/c_files/549.cpp ...
501/628 files checked 80% done
Checking data/c_files/55.cpp ...
502/628 files checked 80% done
Checking data/c_files/550.cpp ...
503/628 files checked 80% done
Checking data/c_files/551.cpp ...
504/628 files checked 80% done
Checking data/c_files/552.cpp ...
505/628 files checked 80% done
Checking data/c_files/553.cpp ...
506/628 files checked 80% done
Checking data/c_files/554.cpp ...
507/628 files checked 81% done
Checking data/c_files/555.cpp ...
Checking data/c_files/555.cpp: USE_OZONE...
Checking data/c_files/555.cpp: USE_X11...
508/628 files checked 81% done
Checking data/c_files/556.cpp ...
data/c_files/556.cpp:26:9: error: Unmatched '{'. Configuration: ''. [syntaxError]
if(used){
        ^
509/628 files checked 81% done
Checking data/c_files/557.cpp ...
data/c_files/557.cpp:1:1: error: syntax error [syntaxError]
image_transform_png_set_scale_16_add(image_transform *this,
^
510/628 files checked 81% done
Checking data/c_files/558.cpp ...
511/628 files checked 81% done
Checking data/c_files/559.cpp ...
data/c_files/559.cpp:1:1: error: syntax error [syntaxError]
image_transform_png_set_expand_add(image_transform *this,
^
512/628 files checked 81% done
Checking data/c_files/56.cpp ...
513/628 files checked 81% done
Checking data/c_files/560.cpp ...
Checking data/c_files/560.cpp: CONFIG_CRUNCH...
Checking data/c_files/560.cpp: CONFIG_HAVE_HW_BREAKPOINT...
Checking data/c_files/560.cpp: CONFIG_IWMMXT...
Checking data/c_files/560.cpp: CONFIG_VFP...
514/628 files checked 82% done
Checking data/c_files/561.cpp ...
515/628 files checked 82% done
Checking data/c_files/562.cpp ...
516/628 files checked 82% done
Checking data/c_files/563.cpp ...
517/628 files checked 82% done
Checking data/c_files/564.cpp ...
data/c_files/564.cpp:1:1: error: syntax error [syntaxError]
get_endpoints(struct usbtest_dev *dev, struct usb_interface *intf)
^
518/628 files checked 82% done
Checking data/c_files/565.cpp ...
519/628 files checked 83% done
Checking data/c_files/566.cpp ...
520/628 files checked 83% done
Checking data/c_files/567.cpp ...
521/628 files checked 83% done
Checking data/c_files/568.cpp ...
522/628 files checked 84% done
Checking data/c_files/569.cpp ...
data/c_files/569.cpp:1:1: error: syntax error [syntaxError]
~OffScreenRootWindow()
^
523/628 files checked 84% done
Checking data/c_files/57.cpp ...
524/628 files checked 84% done
Checking data/c_files/570.cpp ...
525/628 files checked 84% done
Checking data/c_files/571.cpp ...
526/628 files checked 84% done
Checking data/c_files/572.cpp ...
527/628 files checked 84% done
Checking data/c_files/573.cpp ...
data/c_files/573.cpp:1:1: error: syntax error [syntaxError]
XineramaXvShmPutImage(ClientPtr client)
^
528/628 files checked 85% done
Checking data/c_files/574.cpp ...
data/c_files/574.cpp:1:1: error: syntax error [syntaxError]
build_config(char *prefix, struct server *server)
^
529/628 files checked 85% done
Checking data/c_files/575.cpp ...
530/628 files checked 85% done
Checking data/c_files/576.cpp ...
531/628 files checked 85% done
Checking data/c_files/577.cpp ...
532/628 files checked 85% done
Checking data/c_files/578.cpp ...
533/628 files checked 85% done
Checking data/c_files/579.cpp ...
data/c_files/579.cpp:1:1: error: syntax error [syntaxError]
image_transform_png_set_strip_16_add(image_transform *this,
^
534/628 files checked 85% done
Checking data/c_files/58.cpp ...
535/628 files checked 85% done
Checking data/c_files/580.cpp ...
536/628 files checked 86% done
Checking data/c_files/581.cpp ...
537/628 files checked 86% done
Checking data/c_files/582.cpp ...
538/628 files checked 86% done
Checking data/c_files/583.cpp ...
Checking data/c_files/583.cpp: ENABLE_FEATURE_UDHCP_RFC3397...
539/628 files checked 86% done
Checking data/c_files/584.cpp ...
540/628 files checked 86% done
Checking data/c_files/585.cpp ...
Checking data/c_files/585.cpp: OS_MACOSX...
541/628 files checked 87% done
Checking data/c_files/586.cpp ...
542/628 files checked 87% done
Checking data/c_files/587.cpp ...
data/c_files/587.cpp:1:1: error: syntax error [syntaxError]
DefragTimeoutTest(void)
^
543/628 files checked 87% done
Checking data/c_files/588.cpp ...
544/628 files checked 87% done
Checking data/c_files/589.cpp ...
Checking data/c_files/589.cpp: USE_HCACHE...
545/628 files checked 87% done
Checking data/c_files/59.cpp ...
546/628 files checked 87% done
Checking data/c_files/590.cpp ...
547/628 files checked 87% done
Checking data/c_files/591.cpp ...
data/c_files/591.cpp:1:1: error: syntax error [syntaxError]
decompileAction(int n, SWF_ACTION *actions, int maxn)
^
Checking data/c_files/591.cpp: DEBUG...
548/628 files checked 88% done
Checking data/c_files/592.cpp ...
data/c_files/592.cpp:37:24: error: Unmatched '{'. Configuration: ''. [syntaxError]
  if (key->type->read) {
                       ^
549/628 files checked 88% done
Checking data/c_files/593.cpp ...
550/628 files checked 88% done
Checking data/c_files/594.cpp ...
551/628 files checked 88% done
Checking data/c_files/595.cpp ...
552/628 files checked 88% done
Checking data/c_files/596.cpp ...
553/628 files checked 88% done
Checking data/c_files/597.cpp ...
data/c_files/597.cpp:18:9: error: Syntax Error: AST broken, binary operator '=' doesn't have two operands. [internalAstError]
data[0] = ((new & 0xf) << 4) | (prevEntry.value >> 8);
        ^
554/628 files checked 88% done
Checking data/c_files/598.cpp ...
555/628 files checked 88% done
Checking data/c_files/599.cpp ...
556/628 files checked 89% done
Checking data/c_files/6.cpp ...
557/628 files checked 89% done
Checking data/c_files/60.cpp ...
558/628 files checked 89% done
Checking data/c_files/600.cpp ...
559/628 files checked 90% done
Checking data/c_files/601.cpp ...
Checking data/c_files/601.cpp: DEBUG...
560/628 files checked 90% done
Checking data/c_files/602.cpp ...
561/628 files checked 90% done
Checking data/c_files/603.cpp ...
data/c_files/603.cpp:11:1: error: syntax error [syntaxError]
case PDF_MAT_SHADE:
^
562/628 files checked 91% done
Checking data/c_files/604.cpp ...
563/628 files checked 91% done
Checking data/c_files/605.cpp ...
data/c_files/605.cpp:1:1: error: syntax error [syntaxError]
checked_xcalloc (size_t num, size_t size)
^
564/628 files checked 91% done
Checking data/c_files/606.cpp ...
data/c_files/606.cpp:1:1: error: syntax error [syntaxError]
construct_command_line(struct manager_ctx *manager, struct server *server)
^
Checking data/c_files/606.cpp: HAVE_SETRLIMIT...
565/628 files checked 91% done
Checking data/c_files/607.cpp ...
566/628 files checked 91% done
Checking data/c_files/608.cpp ...
567/628 files checked 91% done
Checking data/c_files/609.cpp ...
568/628 files checked 91% done
Checking data/c_files/61.cpp ...
569/628 files checked 91% done
Checking data/c_files/610.cpp ...
570/628 files checked 91% done
Checking data/c_files/611.cpp ...
571/628 files checked 91% done
Checking data/c_files/612.cpp ...
data/c_files/612.cpp:8:29: error: Unmatched '{'. Configuration: ''. [syntaxError]
        if (s->ti_size > 0) {
                            ^
572/628 files checked 91% done
Checking data/c_files/613.cpp ...
data/c_files/613.cpp:1:1: error: syntax error [syntaxError]
safecat_color_encoding(char *buffer, size_t bufsize, size_t pos,
^
573/628 files checked 92% done
Checking data/c_files/614.cpp ...
574/628 files checked 92% done
Checking data/c_files/615.cpp ...
575/628 files checked 92% done
Checking data/c_files/616.cpp ...
576/628 files checked 92% done
Checking data/c_files/617.cpp ...
577/628 files checked 92% done
Checking data/c_files/618.cpp ...
578/628 files checked 93% done
Checking data/c_files/619.cpp ...
579/628 files checked 93% done
Checking data/c_files/62.cpp ...
580/628 files checked 93% done
Checking data/c_files/620.cpp ...
581/628 files checked 93% done
Checking data/c_files/621.cpp ...
582/628 files checked 93% done
Checking data/c_files/622.cpp ...
583/628 files checked 94% done
Checking data/c_files/623.cpp ...
584/628 files checked 94% done
Checking data/c_files/624.cpp ...
585/628 files checked 94% done
Checking data/c_files/625.cpp ...
Checking data/c_files/625.cpp: OS_LINUX...
Checking data/c_files/625.cpp: OS_WIN...
586/628 files checked 94% done
Checking data/c_files/626.cpp ...
data/c_files/626.cpp:1:1: error: syntax error [syntaxError]
write_png(const char **name, FILE *fp, int color_type, int bit_depth,
^
587/628 files checked 94% done
Checking data/c_files/627.cpp ...
588/628 files checked 94% done
Checking data/c_files/63.cpp ...
data/c_files/63.cpp:1:1: error: syntax error [syntaxError]
frag6_print(netdissect_options *ndo, register const u_char *bp, register const u_char *bp2)
^
589/628 files checked 94% done
Checking data/c_files/64.cpp ...
590/628 files checked 94% done
Checking data/c_files/65.cpp ...
591/628 files checked 95% done
Checking data/c_files/66.cpp ...
592/628 files checked 95% done
Checking data/c_files/67.cpp ...
593/628 files checked 95% done
Checking data/c_files/68.cpp ...
Checking data/c_files/68.cpp: WIN32...
594/628 files checked 95% done
Checking data/c_files/69.cpp ...
595/628 files checked 95% done
Checking data/c_files/7.cpp ...
596/628 files checked 95% done
Checking data/c_files/70.cpp ...
597/628 files checked 95% done
Checking data/c_files/71.cpp ...
598/628 files checked 95% done
Checking data/c_files/72.cpp ...
599/628 files checked 95% done
Checking data/c_files/73.cpp ...
data/c_files/73.cpp:1:1: error: syntax error [syntaxError]
cleanup_pathname(struct archive_write_disk *a)
^
Checking data/c_files/73.cpp: __CYGWIN__...
600/628 files checked 96% done
Checking data/c_files/74.cpp ...
601/628 files checked 96% done
Checking data/c_files/75.cpp ...
602/628 files checked 96% done
Checking data/c_files/76.cpp ...
603/628 files checked 96% done
Checking data/c_files/77.cpp ...
604/628 files checked 96% done
Checking data/c_files/78.cpp ...
data/c_files/78.cpp:1:1: error: syntax error [syntaxError]
DefragReverseSimpleTest(void)
^
605/628 files checked 96% done
Checking data/c_files/79.cpp ...
data/c_files/79.cpp:4:1: error: Unmatched '{'. Configuration: ''. [syntaxError]
{
^
606/628 files checked 96% done
Checking data/c_files/8.cpp ...
607/628 files checked 97% done
Checking data/c_files/80.cpp ...
608/628 files checked 97% done
Checking data/c_files/81.cpp ...
609/628 files checked 97% done
Checking data/c_files/82.cpp ...
610/628 files checked 97% done
Checking data/c_files/83.cpp ...
611/628 files checked 97% done
Checking data/c_files/84.cpp ...
612/628 files checked 97% done
Checking data/c_files/85.cpp ...
data/c_files/85.cpp:1:1: error: syntax error [syntaxError]
ptaReadStream(FILE  *fp)
^
613/628 files checked 97% done
Checking data/c_files/86.cpp ...
614/628 files checked 98% done
Checking data/c_files/87.cpp ...
615/628 files checked 98% done
Checking data/c_files/88.cpp ...
616/628 files checked 98% done
Checking data/c_files/89.cpp ...
617/628 files checked 98% done
Checking data/c_files/9.cpp ...
618/628 files checked 98% done
Checking data/c_files/90.cpp ...
619/628 files checked 98% done
Checking data/c_files/91.cpp ...
620/628 files checked 98% done
Checking data/c_files/92.cpp ...
621/628 files checked 98% done
Checking data/c_files/93.cpp ...
Checking data/c_files/93.cpp: DEBUG_EXCEPTIONS...
622/628 files checked 99% done
Checking data/c_files/94.cpp ...
623/628 files checked 99% done
Checking data/c_files/95.cpp ...
Checking data/c_files/95.cpp: ARCH_CPU_ARMEL;OS_CHROMEOS;OS_WIN...
Checking data/c_files/95.cpp: ARCH_CPU_ARMEL;OS_CHROMEOS;OS_WIN;OS_WIN...
624/628 files checked 99% done
Checking data/c_files/96.cpp ...
625/628 files checked 99% done
Checking data/c_files/97.cpp ...
626/628 files checked 99% done
Checking data/c_files/98.cpp ...
627/628 files checked 99% done
Checking data/c_files/99.cpp ...
628/628 files checked 100% done
(base) michael@m4:~/HDD18TB/vul_msr/static_analysis$ exit
exit

Script done on 2022-03-21 13:36:04+11:00 [COMMAND_EXIT_CODE="0"]
